 
****************************************
Report : power
        -cell
        -analysis_effort low
        -sort_mode cell_internal_power
Design : SIPISOALU
Version: F-2011.09-SP3
Date   : Thu Apr 29 13:10:28 2021
****************************************


Library(s) Used:

    NangateOpenCellLibrary (File: /home/mariagrazia.graziano/do/libnangate/NangateOpenCellLibrary_typical_ecsm.db)


Operating Conditions: typical   Library: NangateOpenCellLibrary
Wire Load Model Mode: top

Design        Wire Load Model            Library
------------------------------------------------
SIPISOALU              5K_hvratio_1_1    NangateOpenCellLibrary


Global Operating Voltage = 1.1  
Power-specific unit information :
    Voltage Units = 1V
    Capacitance Units = 1.000000ff
    Time Units = 1ns
    Dynamic Power Units = 1uW    (derived from V,C,T units)
    Leakage Power Units = 1nW



  Attributes
  ----------
      h  -  Hierarchical cell

                        Cell      Driven Net  Tot Dynamic      Cell
                        Internal  Switching   Power            Leakage
Cell                    Power     Power       (% Cell/Tot)     Power      Attrs
--------------------------------------------------------------------------------
control                   48.9384       N/A        N/A (N/A)   2165.8369  h
PISO_reg[1]                7.1654    0.0199      7.185 (100%)   115.4680   
PISO_reg[2]                7.1421    0.0173      7.159 (100%)   115.4082   
SIPO_reg[0]                7.1313    0.2205      7.352 (97%)    118.6239   
SIPO_reg[1]                7.1265    0.2050      7.331 (97%)    118.3049   
PISO_reg[0]                7.1263    0.0149      7.141 (100%)   116.0851   
PISO_reg[3]                7.1225    0.0130      7.135 (100%)   115.3367   
SIPO_reg[2]                7.1078    0.0798      7.188 (99%)    118.1386   
PIPO_reg[1]                7.0980    0.1747      7.273 (98%)    118.6784   
PIPO_reg[0]                7.0802    0.1668      7.247 (98%)    118.6948   
PIPO_reg[2]                7.0475    0.1232      7.171 (98%)    118.6978   
PIPO_reg[3]                7.0414    0.0820      7.123 (99%)    118.7463   
U113                       0.4707    0.1562      0.627 (75%)     32.2076   
U129                       0.2773    0.0787      0.356 (78%)     29.1145   
U94                        0.2499    0.0894      0.339 (74%)     36.4620   
U103                       0.2290    0.0747      0.304 (75%)     25.0977   
U95                        0.1726    0.1088      0.281 (61%)     37.4949   
U100                       0.1592    0.0942      0.253 (63%)     37.6717   
U108                       0.1079    0.0633      0.171 (63%)     20.9457   
U109                       0.1050    0.0817      0.187 (56%)     37.6064   
U133                       0.1002    1.9373      2.038 (5%)      14.3532   
U115                       0.0870    0.0340      0.121 (72%)     34.5906   
U125                       0.0825    0.0324      0.115 (72%)     34.6156   
U127                       0.0816    0.0322      0.114 (72%)     34.7050   
U116                       0.0781    0.0533      0.131 (59%)     15.1151   
U121                       0.0773    0.0302      0.107 (72%)     34.6499   
U126                       0.0738    0.0494      0.123 (60%)      6.8361   
U128                       0.0726    0.0487      0.121 (60%)      6.8361   
U124                       0.0702    0.0470      0.117 (60%)      6.8361   
U122                       0.0700    0.0466      0.117 (60%)     14.8704   
U118                       0.0683    0.0486      0.117 (58%)      6.0934   
U119                       0.0664    0.0259   9.23e-02 (72%)     35.2472   
U123                       0.0633    0.0308   9.42e-02 (67%)     36.3470   
U120                       0.0624    0.0444      0.107 (58%)      5.8324   
U117                       0.0607    0.0292   8.99e-02 (68%)     36.6048   
U106                       0.0444    0.0931      0.137 (32%)     44.5875   
U104                       0.0396    0.0292   6.88e-02 (58%)     56.2981   
U96                        0.0390    0.0426   8.16e-02 (48%)      6.8265   
U93                        0.0259    0.0118   3.77e-02 (69%)     11.0506   
U131                       0.0240    0.0262   5.01e-02 (48%)     10.5240   
U92                        0.0220 8.576e-03   3.06e-02 (72%)     34.9751   
U98                        0.0217 9.105e-03   3.08e-02 (70%)      7.4641   
U110                       0.0193    0.0101   2.94e-02 (66%)     37.1447   
U111                       0.0179    0.0142   3.21e-02 (56%)     17.7980   
U114                       0.0152    0.0415   5.67e-02 (27%)     20.1434   
U105                       0.0135    0.0116   2.51e-02 (54%)      4.6563   
U97                        0.0126 6.611e-03   1.92e-02 (66%)     37.3166   
U112                       0.0117    0.0377   4.94e-02 (24%)     18.7649   
U107                       0.0112    0.0101   2.13e-02 (53%)      6.0198   
U101                       0.0110 5.098e-03   1.61e-02 (68%)     45.9666   
U132                       0.0109    0.0120   2.29e-02 (48%)     10.1461   
U130                       0.0105    0.0397   5.02e-02 (21%)     18.4480   
U102                       0.0000    0.0000      0.000 (N/A)     24.4404   
--------------------------------------------------------------------------------
Totals (53 cells)        130.364uW     N/A         N/A (N/A)      4.451uW
1
