 
****************************************
Report : area
Design : BOOTHMUL
Version: F-2011.09-SP3
Date   : Wed Apr  7 17:17:50 2021
****************************************

Library(s) Used:

    NangateOpenCellLibrary (File: /home/mariagrazia.graziano/do/libnangate/NangateOpenCellLibrary_typical_ecsm.db)

Number of ports:                           16
Number of nets:                            33
Number of cells:                            2
Number of combinational cells:              0
Number of sequential cells:                 0
Number of macros:                           0
Number of buf/inv:                          0
Number of references:                       2

Combinational area:        193.914002
Noncombinational area:       0.000000
Net Interconnect area:      undefined  (Wire load has zero net area)

Total cell area:           193.914002
Total area:                 undefined
1
